<?xml version="1.0" encoding="UTF-8"?>
<!-- Generated by org.testng.reporters.JUnitReportReporter -->
<testsuite hostname="DESKTOP-G4IK11Q" failures="0" tests="1" name="test.NewTest" time="33.849" errors="0" timestamp="2023-07-01T07:57:30 IST" skipped="0">
  <testcase classname="test.NewTest" name="myFirstProgram" time="33.849"/>
</testsuite> <!-- test.NewTest -->
